{"/workspaces/sprint-mission-3/src/server.ts": {"path":"/workspaces/sprint-mission-3/src/server.ts","statementMap":{"0":{"start":{"line":11,"column":28},"end":{"line":11,"column":37}},"1":{"start":{"line":14,"column":0},"end":{"line":14,"column":19}},"2":{"start":{"line":15,"column":0},"end":{"line":15,"column":27}},"3":{"start":{"line":18,"column":0},"end":{"line":18,"column":82}},"4":{"start":{"line":21,"column":0},"end":{"line":21,"column":40}},"5":{"start":{"line":22,"column":0},"end":{"line":22,"column":40}},"6":{"start":{"line":23,"column":0},"end":{"line":23,"column":40}},"7":{"start":{"line":24,"column":0},"end":{"line":24,"column":36}},"8":{"start":{"line":27,"column":0},"end":{"line":27,"column":35}},"9":{"start":{"line":28,"column":0},"end":{"line":28,"column":31}}},"fnMap":{},"branchMap":{},"s":{"0":1,"1":1,"2":1,"3":1,"4":1,"5":1,"6":1,"7":1,"8":1,"9":1},"f":{},"b":{}}
,"/workspaces/sprint-mission-3/src/controllers/articlesController.ts": {"path":"/workspaces/sprint-mission-3/src/controllers/articlesController.ts","statementMap":{"0":{"start":{"line":14,"column":29},"end":{"line":27,"column":2}},"1":{"start":{"line":14,"column":77},"end":{"line":27,"column":2}},"2":{"start":{"line":15,"column":36},"end":{"line":15,"column":77}},"3":{"start":{"line":17,"column":18},"end":{"line":24,"column":4}},"4":{"start":{"line":26,"column":2},"end":{"line":26,"column":32}},"5":{"start":{"line":30,"column":26},"end":{"line":37,"column":2}},"6":{"start":{"line":30,"column":74},"end":{"line":37,"column":2}},"7":{"start":{"line":31,"column":17},"end":{"line":31,"column":51}},"8":{"start":{"line":33,"column":18},"end":{"line":33,"column":68}},"9":{"start":{"line":34,"column":2},"end":{"line":34,"column":66}},"10":{"start":{"line":34,"column":16},"end":{"line":34,"column":66}},"11":{"start":{"line":36,"column":2},"end":{"line":36,"column":20}},"12":{"start":{"line":40,"column":29},"end":{"line":57,"column":2}},"13":{"start":{"line":40,"column":77},"end":{"line":57,"column":2}},"14":{"start":{"line":41,"column":17},"end":{"line":41,"column":51}},"15":{"start":{"line":42,"column":36},"end":{"line":42,"column":77}},"16":{"start":{"line":44,"column":26},"end":{"line":44,"column":76}},"17":{"start":{"line":46,"column":2},"end":{"line":46,"column":74}},"18":{"start":{"line":46,"column":24},"end":{"line":46,"column":74}},"19":{"start":{"line":47,"column":2},"end":{"line":49,"column":3}},"20":{"start":{"line":48,"column":4},"end":{"line":48,"column":70}},"21":{"start":{"line":51,"column":25},"end":{"line":54,"column":4}},"22":{"start":{"line":56,"column":2},"end":{"line":56,"column":27}},"23":{"start":{"line":59,"column":29},"end":{"line":72,"column":2}},"24":{"start":{"line":59,"column":77},"end":{"line":72,"column":2}},"25":{"start":{"line":60,"column":17},"end":{"line":60,"column":51}},"26":{"start":{"line":62,"column":26},"end":{"line":62,"column":76}},"27":{"start":{"line":64,"column":2},"end":{"line":64,"column":74}},"28":{"start":{"line":64,"column":24},"end":{"line":64,"column":74}},"29":{"start":{"line":65,"column":2},"end":{"line":67,"column":3}},"30":{"start":{"line":66,"column":4},"end":{"line":66,"column":70}},"31":{"start":{"line":69,"column":2},"end":{"line":69,"column":49}},"32":{"start":{"line":71,"column":2},"end":{"line":71,"column":25}},"33":{"start":{"line":74,"column":30},"end":{"line":90,"column":2}},"34":{"start":{"line":74,"column":78},"end":{"line":90,"column":2}},"35":{"start":{"line":75,"column":47},"end":{"line":75,"column":92}},"36":{"start":{"line":77,"column":16},"end":{"line":79,"column":4}},"37":{"start":{"line":81,"column":21},"end":{"line":81,"column":58}},"38":{"start":{"line":82,"column":19},"end":{"line":87,"column":4}},"39":{"start":{"line":89,"column":2},"end":{"line":89,"column":43}},"40":{"start":{"line":93,"column":29},"end":{"line":109,"column":2}},"41":{"start":{"line":93,"column":77},"end":{"line":109,"column":2}},"42":{"start":{"line":94,"column":28},"end":{"line":94,"column":62}},"43":{"start":{"line":95,"column":22},"end":{"line":95,"column":63}},"44":{"start":{"line":97,"column":26},"end":{"line":97,"column":87}},"45":{"start":{"line":98,"column":2},"end":{"line":98,"column":81}},"46":{"start":{"line":98,"column":24},"end":{"line":98,"column":81}},"47":{"start":{"line":100,"column":18},"end":{"line":106,"column":4}},"48":{"start":{"line":108,"column":2},"end":{"line":108,"column":32}},"49":{"start":{"line":112,"column":30},"end":{"line":131,"column":2}},"50":{"start":{"line":112,"column":78},"end":{"line":131,"column":2}},"51":{"start":{"line":113,"column":28},"end":{"line":113,"column":62}},"52":{"start":{"line":114,"column":28},"end":{"line":114,"column":73}},"53":{"start":{"line":116,"column":18},"end":{"line":116,"column":79}},"54":{"start":{"line":117,"column":2},"end":{"line":117,"column":73}},"55":{"start":{"line":117,"column":16},"end":{"line":117,"column":73}},"56":{"start":{"line":119,"column":29},"end":{"line":124,"column":4}},"57":{"start":{"line":126,"column":22},"end":{"line":126,"column":55}},"58":{"start":{"line":127,"column":19},"end":{"line":127,"column":53}},"59":{"start":{"line":128,"column":21},"end":{"line":128,"column":70}},"60":{"start":{"line":130,"column":2},"end":{"line":130,"column":43}}},"fnMap":{"0":{"name":"(anonymous_7)","decl":{"start":{"line":14,"column":39},"end":{"line":14,"column":46}},"loc":{"start":{"line":14,"column":77},"end":{"line":27,"column":2}}},"1":{"name":"(anonymous_8)","decl":{"start":{"line":14,"column":77},"end":{"line":14,"column":null}},"loc":{"start":{"line":14,"column":77},"end":{"line":27,"column":1}}},"2":{"name":"(anonymous_9)","decl":{"start":{"line":30,"column":36},"end":{"line":30,"column":43}},"loc":{"start":{"line":30,"column":74},"end":{"line":37,"column":2}}},"3":{"name":"(anonymous_10)","decl":{"start":{"line":30,"column":74},"end":{"line":30,"column":null}},"loc":{"start":{"line":30,"column":74},"end":{"line":37,"column":1}}},"4":{"name":"(anonymous_11)","decl":{"start":{"line":40,"column":39},"end":{"line":40,"column":46}},"loc":{"start":{"line":40,"column":77},"end":{"line":57,"column":2}}},"5":{"name":"(anonymous_12)","decl":{"start":{"line":40,"column":77},"end":{"line":40,"column":null}},"loc":{"start":{"line":40,"column":77},"end":{"line":57,"column":1}}},"6":{"name":"(anonymous_13)","decl":{"start":{"line":59,"column":39},"end":{"line":59,"column":46}},"loc":{"start":{"line":59,"column":77},"end":{"line":72,"column":2}}},"7":{"name":"(anonymous_14)","decl":{"start":{"line":59,"column":77},"end":{"line":59,"column":null}},"loc":{"start":{"line":59,"column":77},"end":{"line":72,"column":1}}},"8":{"name":"(anonymous_15)","decl":{"start":{"line":74,"column":40},"end":{"line":74,"column":47}},"loc":{"start":{"line":74,"column":78},"end":{"line":90,"column":2}}},"9":{"name":"(anonymous_16)","decl":{"start":{"line":74,"column":78},"end":{"line":74,"column":null}},"loc":{"start":{"line":74,"column":78},"end":{"line":90,"column":1}}},"10":{"name":"(anonymous_17)","decl":{"start":{"line":93,"column":39},"end":{"line":93,"column":46}},"loc":{"start":{"line":93,"column":77},"end":{"line":109,"column":2}}},"11":{"name":"(anonymous_18)","decl":{"start":{"line":93,"column":77},"end":{"line":93,"column":null}},"loc":{"start":{"line":93,"column":77},"end":{"line":109,"column":1}}},"12":{"name":"(anonymous_19)","decl":{"start":{"line":112,"column":40},"end":{"line":112,"column":47}},"loc":{"start":{"line":112,"column":78},"end":{"line":131,"column":2}}},"13":{"name":"(anonymous_20)","decl":{"start":{"line":112,"column":78},"end":{"line":112,"column":null}},"loc":{"start":{"line":112,"column":78},"end":{"line":131,"column":1}}}},"branchMap":{"0":{"loc":{"start":{"line":34,"column":2},"end":{"line":34,"column":66}},"type":"if","locations":[{"start":{"line":34,"column":2},"end":{"line":34,"column":66}},{"start":{},"end":{}}]},"1":{"loc":{"start":{"line":46,"column":2},"end":{"line":46,"column":74}},"type":"if","locations":[{"start":{"line":46,"column":2},"end":{"line":46,"column":74}},{"start":{},"end":{}}]},"2":{"loc":{"start":{"line":47,"column":2},"end":{"line":49,"column":3}},"type":"if","locations":[{"start":{"line":47,"column":2},"end":{"line":49,"column":3}},{"start":{},"end":{}}]},"3":{"loc":{"start":{"line":64,"column":2},"end":{"line":64,"column":74}},"type":"if","locations":[{"start":{"line":64,"column":2},"end":{"line":64,"column":74}},{"start":{},"end":{}}]},"4":{"loc":{"start":{"line":65,"column":2},"end":{"line":67,"column":3}},"type":"if","locations":[{"start":{"line":65,"column":2},"end":{"line":67,"column":3}},{"start":{},"end":{}}]},"5":{"loc":{"start":{"line":78,"column":11},"end":{"line":78,"column":54}},"type":"cond-expr","locations":[{"start":{"line":78,"column":21},"end":{"line":78,"column":42}},{"start":{"line":78,"column":45},"end":{"line":78,"column":54}}]},"6":{"loc":{"start":{"line":85,"column":13},"end":{"line":85,"column":73}},"type":"cond-expr","locations":[{"start":{"line":85,"column":36},"end":{"line":85,"column":57}},{"start":{"line":85,"column":60},"end":{"line":85,"column":73}}]},"7":{"loc":{"start":{"line":98,"column":2},"end":{"line":98,"column":81}},"type":"if","locations":[{"start":{"line":98,"column":2},"end":{"line":98,"column":81}},{"start":{},"end":{}}]},"8":{"loc":{"start":{"line":117,"column":2},"end":{"line":117,"column":73}},"type":"if","locations":[{"start":{"line":117,"column":2},"end":{"line":117,"column":73}},{"start":{},"end":{}}]},"9":{"loc":{"start":{"line":120,"column":12},"end":{"line":120,"column":47}},"type":"cond-expr","locations":[{"start":{"line":120,"column":21},"end":{"line":120,"column":35}},{"start":{"line":120,"column":38},"end":{"line":120,"column":47}}]},"10":{"loc":{"start":{"line":128,"column":21},"end":{"line":128,"column":70}},"type":"cond-expr","locations":[{"start":{"line":128,"column":35},"end":{"line":128,"column":63}},{"start":{"line":128,"column":66},"end":{"line":128,"column":70}}]}},"s":{"0":1,"1":0,"2":0,"3":0,"4":0,"5":1,"6":1,"7":1,"8":1,"9":1,"10":1,"11":0,"12":1,"13":0,"14":0,"15":0,"16":0,"17":0,"18":0,"19":0,"20":0,"21":0,"22":0,"23":1,"24":0,"25":0,"26":0,"27":0,"28":0,"29":0,"30":0,"31":0,"32":0,"33":1,"34":1,"35":1,"36":1,"37":1,"38":1,"39":1,"40":1,"41":0,"42":0,"43":0,"44":0,"45":0,"46":0,"47":0,"48":0,"49":1,"50":0,"51":0,"52":0,"53":0,"54":0,"55":0,"56":0,"57":0,"58":0,"59":0,"60":0},"f":{"0":0,"1":0,"2":1,"3":1,"4":0,"5":0,"6":0,"7":0,"8":1,"9":1,"10":0,"11":0,"12":0,"13":0},"b":{"0":[1,0],"1":[0,0],"2":[0,0],"3":[0,0],"4":[0,0],"5":[0,1],"6":[0,1],"7":[0,0],"8":[0,0],"9":[0,0],"10":[0,0]}}
,"/workspaces/sprint-mission-3/src/controllers/commentsController.ts": {"path":"/workspaces/sprint-mission-3/src/controllers/commentsController.ts","statementMap":{"0":{"start":{"line":10,"column":29},"end":{"line":39,"column":2}},"1":{"start":{"line":10,"column":77},"end":{"line":39,"column":2}},"2":{"start":{"line":11,"column":28},"end":{"line":11,"column":62}},"3":{"start":{"line":12,"column":22},"end":{"line":12,"column":63}},"4":{"start":{"line":14,"column":26},"end":{"line":14,"column":87}},"5":{"start":{"line":15,"column":2},"end":{"line":17,"column":3}},"6":{"start":{"line":16,"column":4},"end":{"line":16,"column":61}},"7":{"start":{"line":19,"column":18},"end":{"line":25,"column":4}},"8":{"start":{"line":27,"column":2},"end":{"line":36,"column":3}},"9":{"start":{"line":28,"column":4},"end":{"line":35,"column":7}},"10":{"start":{"line":38,"column":2},"end":{"line":38,"column":32}},"11":{"start":{"line":42,"column":30},"end":{"line":66,"column":2}},"12":{"start":{"line":42,"column":78},"end":{"line":66,"column":2}},"13":{"start":{"line":43,"column":28},"end":{"line":43,"column":62}},"14":{"start":{"line":44,"column":28},"end":{"line":44,"column":73}},"15":{"start":{"line":46,"column":26},"end":{"line":46,"column":87}},"16":{"start":{"line":47,"column":2},"end":{"line":49,"column":3}},"17":{"start":{"line":48,"column":4},"end":{"line":48,"column":61}},"18":{"start":{"line":51,"column":29},"end":{"line":56,"column":4}},"19":{"start":{"line":58,"column":22},"end":{"line":58,"column":55}},"20":{"start":{"line":59,"column":19},"end":{"line":59,"column":53}},"21":{"start":{"line":60,"column":21},"end":{"line":60,"column":70}},"22":{"start":{"line":62,"column":2},"end":{"line":65,"column":5}},"23":{"start":{"line":68,"column":29},"end":{"line":87,"column":2}},"24":{"start":{"line":68,"column":77},"end":{"line":87,"column":2}},"25":{"start":{"line":69,"column":17},"end":{"line":69,"column":51}},"26":{"start":{"line":70,"column":22},"end":{"line":70,"column":63}},"27":{"start":{"line":72,"column":26},"end":{"line":72,"column":76}},"28":{"start":{"line":73,"column":2},"end":{"line":75,"column":3}},"29":{"start":{"line":74,"column":4},"end":{"line":74,"column":54}},"30":{"start":{"line":77,"column":2},"end":{"line":79,"column":3}},"31":{"start":{"line":78,"column":4},"end":{"line":78,"column":69}},"32":{"start":{"line":81,"column":25},"end":{"line":84,"column":4}},"33":{"start":{"line":86,"column":2},"end":{"line":86,"column":27}},"34":{"start":{"line":90,"column":29},"end":{"line":105,"column":2}},"35":{"start":{"line":90,"column":77},"end":{"line":105,"column":2}},"36":{"start":{"line":91,"column":17},"end":{"line":91,"column":51}},"37":{"start":{"line":93,"column":26},"end":{"line":93,"column":76}},"38":{"start":{"line":94,"column":2},"end":{"line":96,"column":3}},"39":{"start":{"line":95,"column":4},"end":{"line":95,"column":54}},"40":{"start":{"line":98,"column":2},"end":{"line":100,"column":3}},"41":{"start":{"line":99,"column":4},"end":{"line":99,"column":69}},"42":{"start":{"line":102,"column":2},"end":{"line":102,"column":49}},"43":{"start":{"line":104,"column":2},"end":{"line":104,"column":25}}},"fnMap":{"0":{"name":"(anonymous_7)","decl":{"start":{"line":10,"column":39},"end":{"line":10,"column":46}},"loc":{"start":{"line":10,"column":77},"end":{"line":39,"column":2}}},"1":{"name":"(anonymous_8)","decl":{"start":{"line":10,"column":77},"end":{"line":10,"column":null}},"loc":{"start":{"line":10,"column":77},"end":{"line":39,"column":1}}},"2":{"name":"(anonymous_9)","decl":{"start":{"line":42,"column":40},"end":{"line":42,"column":47}},"loc":{"start":{"line":42,"column":78},"end":{"line":66,"column":2}}},"3":{"name":"(anonymous_10)","decl":{"start":{"line":42,"column":78},"end":{"line":42,"column":null}},"loc":{"start":{"line":42,"column":78},"end":{"line":66,"column":1}}},"4":{"name":"(anonymous_11)","decl":{"start":{"line":68,"column":39},"end":{"line":68,"column":46}},"loc":{"start":{"line":68,"column":77},"end":{"line":87,"column":2}}},"5":{"name":"(anonymous_12)","decl":{"start":{"line":68,"column":77},"end":{"line":68,"column":null}},"loc":{"start":{"line":68,"column":77},"end":{"line":87,"column":1}}},"6":{"name":"(anonymous_13)","decl":{"start":{"line":90,"column":39},"end":{"line":90,"column":46}},"loc":{"start":{"line":90,"column":77},"end":{"line":105,"column":2}}},"7":{"name":"(anonymous_14)","decl":{"start":{"line":90,"column":77},"end":{"line":90,"column":null}},"loc":{"start":{"line":90,"column":77},"end":{"line":105,"column":1}}}},"branchMap":{"0":{"loc":{"start":{"line":15,"column":2},"end":{"line":17,"column":3}},"type":"if","locations":[{"start":{"line":15,"column":2},"end":{"line":17,"column":3}},{"start":{},"end":{}}]},"1":{"loc":{"start":{"line":27,"column":2},"end":{"line":36,"column":3}},"type":"if","locations":[{"start":{"line":27,"column":2},"end":{"line":36,"column":3}},{"start":{},"end":{}}]},"2":{"loc":{"start":{"line":27,"column":6},"end":{"line":27,"column":70}},"type":"binary-expr","locations":[{"start":{"line":27,"column":6},"end":{"line":27,"column":28}},{"start":{"line":27,"column":32},"end":{"line":27,"column":70}}]},"3":{"loc":{"start":{"line":47,"column":2},"end":{"line":49,"column":3}},"type":"if","locations":[{"start":{"line":47,"column":2},"end":{"line":49,"column":3}},{"start":{},"end":{}}]},"4":{"loc":{"start":{"line":52,"column":12},"end":{"line":52,"column":47}},"type":"cond-expr","locations":[{"start":{"line":52,"column":21},"end":{"line":52,"column":35}},{"start":{"line":52,"column":38},"end":{"line":52,"column":47}}]},"5":{"loc":{"start":{"line":60,"column":21},"end":{"line":60,"column":70}},"type":"cond-expr","locations":[{"start":{"line":60,"column":35},"end":{"line":60,"column":63}},{"start":{"line":60,"column":66},"end":{"line":60,"column":70}}]},"6":{"loc":{"start":{"line":73,"column":2},"end":{"line":75,"column":3}},"type":"if","locations":[{"start":{"line":73,"column":2},"end":{"line":75,"column":3}},{"start":{},"end":{}}]},"7":{"loc":{"start":{"line":77,"column":2},"end":{"line":79,"column":3}},"type":"if","locations":[{"start":{"line":77,"column":2},"end":{"line":79,"column":3}},{"start":{},"end":{}}]},"8":{"loc":{"start":{"line":94,"column":2},"end":{"line":96,"column":3}},"type":"if","locations":[{"start":{"line":94,"column":2},"end":{"line":96,"column":3}},{"start":{},"end":{}}]},"9":{"loc":{"start":{"line":98,"column":2},"end":{"line":100,"column":3}},"type":"if","locations":[{"start":{"line":98,"column":2},"end":{"line":100,"column":3}},{"start":{},"end":{}}]}},"s":{"0":1,"1":0,"2":0,"3":0,"4":0,"5":0,"6":0,"7":0,"8":0,"9":0,"10":0,"11":1,"12":0,"13":0,"14":0,"15":0,"16":0,"17":0,"18":0,"19":0,"20":0,"21":0,"22":0,"23":1,"24":0,"25":0,"26":0,"27":0,"28":0,"29":0,"30":0,"31":0,"32":0,"33":0,"34":1,"35":0,"36":0,"37":0,"38":0,"39":0,"40":0,"41":0,"42":0,"43":0},"f":{"0":0,"1":0,"2":0,"3":0,"4":0,"5":0,"6":0,"7":0},"b":{"0":[0,0],"1":[0,0],"2":[0,0],"3":[0,0],"4":[0,0],"5":[0,0],"6":[0,0],"7":[0,0],"8":[0,0],"9":[0,0]}}
,"/workspaces/sprint-mission-3/src/controllers/errorController.ts": {"path":"/workspaces/sprint-mission-3/src/controllers/errorController.ts","statementMap":{"0":{"start":{"line":7,"column":2},"end":{"line":7,"column":56}},"1":{"start":{"line":11,"column":2},"end":{"line":13,"column":3}},"2":{"start":{"line":12,"column":4},"end":{"line":12,"column":58}},"3":{"start":{"line":15,"column":2},"end":{"line":17,"column":3}},"4":{"start":{"line":16,"column":4},"end":{"line":16,"column":61}},"5":{"start":{"line":19,"column":2},"end":{"line":21,"column":3}},"6":{"start":{"line":20,"column":4},"end":{"line":20,"column":58}},"7":{"start":{"line":23,"column":2},"end":{"line":26,"column":3}},"8":{"start":{"line":24,"column":4},"end":{"line":24,"column":41}},"9":{"start":{"line":25,"column":4},"end":{"line":25,"column":71}},"10":{"start":{"line":28,"column":2},"end":{"line":28,"column":42}},"11":{"start":{"line":29,"column":2},"end":{"line":29,"column":68}}},"fnMap":{"0":{"name":"defaultNotFoundHandler","decl":{"start":{"line":6,"column":16},"end":{"line":6,"column":38}},"loc":{"start":{"line":6,"column":87},"end":{"line":8,"column":1}}},"1":{"name":"globalErrorHandler","decl":{"start":{"line":10,"column":16},"end":{"line":10,"column":34}},"loc":{"start":{"line":10,"column":93},"end":{"line":30,"column":1}}}},"branchMap":{"0":{"loc":{"start":{"line":11,"column":2},"end":{"line":13,"column":3}},"type":"if","locations":[{"start":{"line":11,"column":2},"end":{"line":13,"column":3}},{"start":{},"end":{}}]},"1":{"loc":{"start":{"line":11,"column":6},"end":{"line":11,"column":66}},"type":"binary-expr","locations":[{"start":{"line":11,"column":6},"end":{"line":11,"column":32}},{"start":{"line":11,"column":36},"end":{"line":11,"column":66}}]},"2":{"loc":{"start":{"line":15,"column":2},"end":{"line":17,"column":3}},"type":"if","locations":[{"start":{"line":15,"column":2},"end":{"line":17,"column":3}},{"start":{},"end":{}}]},"3":{"loc":{"start":{"line":15,"column":6},"end":{"line":15,"column":80}},"type":"binary-expr","locations":[{"start":{"line":15,"column":6},"end":{"line":15,"column":32}},{"start":{"line":15,"column":37},"end":{"line":15,"column":63}},{"start":{"line":15,"column":67},"end":{"line":15,"column":80}}]},"4":{"loc":{"start":{"line":19,"column":2},"end":{"line":21,"column":3}},"type":"if","locations":[{"start":{"line":19,"column":2},"end":{"line":21,"column":3}},{"start":{},"end":{}}]},"5":{"loc":{"start":{"line":23,"column":2},"end":{"line":26,"column":3}},"type":"if","locations":[{"start":{"line":23,"column":2},"end":{"line":26,"column":3}},{"start":{},"end":{}}]}},"s":{"0":0,"1":1,"2":0,"3":1,"4":0,"5":1,"6":1,"7":0,"8":0,"9":0,"10":0,"11":0},"f":{"0":0,"1":1},"b":{"0":[0,1],"1":[1,1],"2":[0,1],"3":[1,0,0],"4":[1,0],"5":[0,0]}}
,"/workspaces/sprint-mission-3/src/controllers/imagesController.ts": {"path":"/workspaces/sprint-mission-3/src/controllers/imagesController.ts","statementMap":{"0":{"start":{"line":12,"column":22},"end":{"line":37,"column":2}},"1":{"start":{"line":15,"column":6},"end":{"line":15,"column":28}},"2":{"start":{"line":18,"column":18},"end":{"line":18,"column":49}},"3":{"start":{"line":19,"column":23},"end":{"line":19,"column":42}},"4":{"start":{"line":20,"column":6},"end":{"line":20,"column":25}},"5":{"start":{"line":29,"column":31},"end":{"line":29,"column":71}},"6":{"start":{"line":31,"column":4},"end":{"line":34,"column":5}},"7":{"start":{"line":32,"column":18},"end":{"line":32,"column":76}},"8":{"start":{"line":33,"column":6},"end":{"line":33,"column":35}},"9":{"start":{"line":35,"column":4},"end":{"line":35,"column":19}},"10":{"start":{"line":41,"column":2},"end":{"line":43,"column":3}},"11":{"start":{"line":42,"column":4},"end":{"line":42,"column":50}},"12":{"start":{"line":45,"column":15},"end":{"line":45,"column":30}},"13":{"start":{"line":46,"column":14},"end":{"line":46,"column":66}},"14":{"start":{"line":48,"column":2},"end":{"line":48,"column":27}}},"fnMap":{"0":{"name":"(anonymous_7)","decl":{"start":{"line":14,"column":4},"end":{"line":14,"column":15}},"loc":{"start":{"line":14,"column":80},"end":{"line":16,"column":5}}},"1":{"name":"(anonymous_8)","decl":{"start":{"line":17,"column":4},"end":{"line":17,"column":12}},"loc":{"start":{"line":17,"column":74},"end":{"line":21,"column":5}}},"2":{"name":"(anonymous_9)","decl":{"start":{"line":28,"column":14},"end":{"line":28,"column":15}},"loc":{"start":{"line":28,"column":82},"end":{"line":36,"column":3}}},"3":{"name":"uploadImage","decl":{"start":{"line":40,"column":22},"end":{"line":40,"column":33}},"loc":{"start":{"line":40,"column":61},"end":{"line":49,"column":null}}}},"branchMap":{"0":{"loc":{"start":{"line":31,"column":4},"end":{"line":34,"column":5}},"type":"if","locations":[{"start":{"line":31,"column":4},"end":{"line":34,"column":5}},{"start":{},"end":{}}]},"1":{"loc":{"start":{"line":41,"column":2},"end":{"line":43,"column":3}},"type":"if","locations":[{"start":{"line":41,"column":2},"end":{"line":43,"column":3}},{"start":{},"end":{}}]}},"s":{"0":1,"1":0,"2":0,"3":0,"4":0,"5":0,"6":0,"7":0,"8":0,"9":0,"10":0,"11":0,"12":0,"13":0,"14":0},"f":{"0":0,"1":0,"2":0,"3":0},"b":{"0":[0,0],"1":[0,0]}}
,"/workspaces/sprint-mission-3/src/controllers/likeController.ts": {"path":"/workspaces/sprint-mission-3/src/controllers/likeController.ts","statementMap":{"0":{"start":{"line":5,"column":15},"end":{"line":5,"column":33}},"1":{"start":{"line":8,"column":33},"end":{"line":36,"column":2}},"2":{"start":{"line":8,"column":81},"end":{"line":36,"column":2}},"3":{"start":{"line":9,"column":28},"end":{"line":9,"column":38}},"4":{"start":{"line":10,"column":17},"end":{"line":10,"column":28}},"5":{"start":{"line":12,"column":23},"end":{"line":19,"column":4}},"6":{"start":{"line":21,"column":2},"end":{"line":35,"column":3}},"7":{"start":{"line":22,"column":4},"end":{"line":24,"column":7}},"8":{"start":{"line":25,"column":4},"end":{"line":25,"column":33}},"9":{"start":{"line":28,"column":4},"end":{"line":33,"column":7}},"10":{"start":{"line":34,"column":4},"end":{"line":34,"column":32}},"11":{"start":{"line":41,"column":33},"end":{"line":66,"column":2}},"12":{"start":{"line":41,"column":81},"end":{"line":66,"column":2}},"13":{"start":{"line":42,"column":28},"end":{"line":42,"column":38}},"14":{"start":{"line":43,"column":17},"end":{"line":43,"column":28}},"15":{"start":{"line":45,"column":23},"end":{"line":52,"column":4}},"16":{"start":{"line":54,"column":2},"end":{"line":65,"column":3}},"17":{"start":{"line":55,"column":4},"end":{"line":55,"column":72}},"18":{"start":{"line":56,"column":4},"end":{"line":56,"column":33}},"19":{"start":{"line":58,"column":4},"end":{"line":63,"column":7}},"20":{"start":{"line":64,"column":4},"end":{"line":64,"column":32}},"21":{"start":{"line":69,"column":32},"end":{"line":98,"column":2}},"22":{"start":{"line":69,"column":80},"end":{"line":98,"column":2}},"23":{"start":{"line":70,"column":17},"end":{"line":70,"column":27}},"24":{"start":{"line":71,"column":17},"end":{"line":71,"column":29}},"25":{"start":{"line":73,"column":18},"end":{"line":78,"column":4}},"26":{"start":{"line":80,"column":2},"end":{"line":82,"column":3}},"27":{"start":{"line":81,"column":4},"end":{"line":81,"column":63}},"28":{"start":{"line":84,"column":16},"end":{"line":84,"column":21}},"29":{"start":{"line":85,"column":2},"end":{"line":95,"column":3}},"30":{"start":{"line":86,"column":17},"end":{"line":93,"column":6}},"31":{"start":{"line":94,"column":4},"end":{"line":94,"column":21}},"32":{"start":{"line":97,"column":2},"end":{"line":97,"column":36}}},"fnMap":{"0":{"name":"(anonymous_7)","decl":{"start":{"line":8,"column":43},"end":{"line":8,"column":50}},"loc":{"start":{"line":8,"column":81},"end":{"line":36,"column":2}}},"1":{"name":"(anonymous_8)","decl":{"start":{"line":8,"column":81},"end":{"line":8,"column":null}},"loc":{"start":{"line":8,"column":81},"end":{"line":36,"column":1}}},"2":{"name":"(anonymous_9)","decl":{"start":{"line":41,"column":43},"end":{"line":41,"column":50}},"loc":{"start":{"line":41,"column":81},"end":{"line":66,"column":2}}},"3":{"name":"(anonymous_10)","decl":{"start":{"line":41,"column":81},"end":{"line":41,"column":null}},"loc":{"start":{"line":41,"column":81},"end":{"line":66,"column":1}}},"4":{"name":"(anonymous_11)","decl":{"start":{"line":69,"column":42},"end":{"line":69,"column":49}},"loc":{"start":{"line":69,"column":80},"end":{"line":98,"column":2}}},"5":{"name":"(anonymous_12)","decl":{"start":{"line":69,"column":80},"end":{"line":69,"column":null}},"loc":{"start":{"line":69,"column":80},"end":{"line":98,"column":1}}}},"branchMap":{"0":{"loc":{"start":{"line":21,"column":2},"end":{"line":35,"column":3}},"type":"if","locations":[{"start":{"line":21,"column":2},"end":{"line":35,"column":3}},{"start":{"line":26,"column":9},"end":{"line":35,"column":3}}]},"1":{"loc":{"start":{"line":54,"column":2},"end":{"line":65,"column":3}},"type":"if","locations":[{"start":{"line":54,"column":2},"end":{"line":65,"column":3}},{"start":{"line":57,"column":9},"end":{"line":65,"column":3}}]},"2":{"loc":{"start":{"line":71,"column":17},"end":{"line":71,"column":29}},"type":"cond-expr","locations":[{"start":{"line":71,"column":25},"end":{"line":71,"column":27}},{"start":{"line":71,"column":25},"end":{"line":71,"column":29}}]},"3":{"loc":{"start":{"line":71,"column":17},"end":{"line":71,"column":27}},"type":"binary-expr","locations":[{"start":{"line":71,"column":17},"end":{"line":71,"column":27}},{"start":{"line":71,"column":25},"end":{"line":71,"column":27}}]},"4":{"loc":{"start":{"line":80,"column":2},"end":{"line":82,"column":3}},"type":"if","locations":[{"start":{"line":80,"column":2},"end":{"line":82,"column":3}},{"start":{},"end":{}}]},"5":{"loc":{"start":{"line":85,"column":2},"end":{"line":95,"column":3}},"type":"if","locations":[{"start":{"line":85,"column":2},"end":{"line":95,"column":3}},{"start":{},"end":{}}]}},"s":{"0":1,"1":1,"2":0,"3":0,"4":0,"5":0,"6":0,"7":0,"8":0,"9":0,"10":0,"11":1,"12":0,"13":0,"14":0,"15":0,"16":0,"17":0,"18":0,"19":0,"20":0,"21":1,"22":0,"23":0,"24":0,"25":0,"26":0,"27":0,"28":0,"29":0,"30":0,"31":0,"32":0},"f":{"0":0,"1":0,"2":0,"3":0,"4":0,"5":0},"b":{"0":[0,0],"1":[0,0],"2":[0,0],"3":[0,0],"4":[0,0],"5":[0,0]}}
,"/workspaces/sprint-mission-3/src/controllers/productsController.ts": {"path":"/workspaces/sprint-mission-3/src/controllers/productsController.ts","statementMap":{"0":{"start":{"line":15,"column":29},"end":{"line":30,"column":2}},"1":{"start":{"line":15,"column":77},"end":{"line":30,"column":2}},"2":{"start":{"line":16,"column":53},"end":{"line":16,"column":94}},"3":{"start":{"line":18,"column":18},"end":{"line":27,"column":4}},"4":{"start":{"line":29,"column":2},"end":{"line":29,"column":32}},"5":{"start":{"line":33,"column":26},"end":{"line":40,"column":2}},"6":{"start":{"line":33,"column":74},"end":{"line":40,"column":2}},"7":{"start":{"line":34,"column":17},"end":{"line":34,"column":51}},"8":{"start":{"line":36,"column":18},"end":{"line":36,"column":68}},"9":{"start":{"line":37,"column":2},"end":{"line":37,"column":66}},"10":{"start":{"line":37,"column":16},"end":{"line":37,"column":66}},"11":{"start":{"line":39,"column":2},"end":{"line":39,"column":20}},"12":{"start":{"line":43,"column":29},"end":{"line":92,"column":2}},"13":{"start":{"line":43,"column":77},"end":{"line":92,"column":2}},"14":{"start":{"line":44,"column":17},"end":{"line":44,"column":51}},"15":{"start":{"line":45,"column":53},"end":{"line":45,"column":94}},"16":{"start":{"line":47,"column":26},"end":{"line":47,"column":76}},"17":{"start":{"line":48,"column":2},"end":{"line":48,"column":74}},"18":{"start":{"line":48,"column":24},"end":{"line":48,"column":74}},"19":{"start":{"line":50,"column":2},"end":{"line":52,"column":3}},"20":{"start":{"line":51,"column":4},"end":{"line":51,"column":69}},"21":{"start":{"line":54,"column":25},"end":{"line":54,"column":79}},"22":{"start":{"line":56,"column":25},"end":{"line":59,"column":4}},"23":{"start":{"line":61,"column":2},"end":{"line":89,"column":3}},"24":{"start":{"line":62,"column":18},"end":{"line":65,"column":6}},"25":{"start":{"line":67,"column":4},"end":{"line":88,"column":5}},"26":{"start":{"line":68,"column":22},"end":{"line":68,"column":108}},"27":{"start":{"line":70,"column":6},"end":{"line":77,"column":9}},"28":{"start":{"line":71,"column":35},"end":{"line":76,"column":10}},"29":{"start":{"line":79,"column":17},"end":{"line":79,"column":34}},"30":{"start":{"line":80,"column":6},"end":{"line":87,"column":9}},"31":{"start":{"line":81,"column":8},"end":{"line":86,"column":11}},"32":{"start":{"line":91,"column":2},"end":{"line":91,"column":27}},"33":{"start":{"line":95,"column":30},"end":{"line":113,"column":2}},"34":{"start":{"line":95,"column":78},"end":{"line":113,"column":2}},"35":{"start":{"line":96,"column":47},"end":{"line":96,"column":92}},"36":{"start":{"line":98,"column":16},"end":{"line":102,"column":15}},"37":{"start":{"line":104,"column":21},"end":{"line":104,"column":58}},"38":{"start":{"line":105,"column":19},"end":{"line":110,"column":4}},"39":{"start":{"line":112,"column":2},"end":{"line":112,"column":43}},"40":{"start":{"line":115,"column":29},"end":{"line":128,"column":2}},"41":{"start":{"line":115,"column":77},"end":{"line":128,"column":2}},"42":{"start":{"line":116,"column":17},"end":{"line":116,"column":51}},"43":{"start":{"line":118,"column":26},"end":{"line":118,"column":76}},"44":{"start":{"line":119,"column":2},"end":{"line":119,"column":74}},"45":{"start":{"line":119,"column":24},"end":{"line":119,"column":74}},"46":{"start":{"line":121,"column":2},"end":{"line":123,"column":3}},"47":{"start":{"line":122,"column":4},"end":{"line":122,"column":69}},"48":{"start":{"line":125,"column":2},"end":{"line":125,"column":49}},"49":{"start":{"line":127,"column":2},"end":{"line":127,"column":25}}},"fnMap":{"0":{"name":"(anonymous_7)","decl":{"start":{"line":15,"column":39},"end":{"line":15,"column":46}},"loc":{"start":{"line":15,"column":77},"end":{"line":30,"column":2}}},"1":{"name":"(anonymous_8)","decl":{"start":{"line":15,"column":77},"end":{"line":15,"column":null}},"loc":{"start":{"line":15,"column":77},"end":{"line":30,"column":1}}},"2":{"name":"(anonymous_9)","decl":{"start":{"line":33,"column":36},"end":{"line":33,"column":43}},"loc":{"start":{"line":33,"column":74},"end":{"line":40,"column":2}}},"3":{"name":"(anonymous_10)","decl":{"start":{"line":33,"column":74},"end":{"line":33,"column":null}},"loc":{"start":{"line":33,"column":74},"end":{"line":40,"column":1}}},"4":{"name":"(anonymous_11)","decl":{"start":{"line":43,"column":39},"end":{"line":43,"column":46}},"loc":{"start":{"line":43,"column":77},"end":{"line":92,"column":2}}},"5":{"name":"(anonymous_12)","decl":{"start":{"line":43,"column":77},"end":{"line":43,"column":null}},"loc":{"start":{"line":43,"column":77},"end":{"line":92,"column":1}}},"6":{"name":"(anonymous_13)","decl":{"start":{"line":71,"column":24},"end":{"line":71,"column":25}},"loc":{"start":{"line":71,"column":35},"end":{"line":76,"column":10}}},"7":{"name":"(anonymous_14)","decl":{"start":{"line":80,"column":20},"end":{"line":80,"column":21}},"loc":{"start":{"line":80,"column":29},"end":{"line":87,"column":7}}},"8":{"name":"(anonymous_15)","decl":{"start":{"line":95,"column":40},"end":{"line":95,"column":47}},"loc":{"start":{"line":95,"column":78},"end":{"line":113,"column":2}}},"9":{"name":"(anonymous_16)","decl":{"start":{"line":95,"column":78},"end":{"line":95,"column":null}},"loc":{"start":{"line":95,"column":78},"end":{"line":113,"column":1}}},"10":{"name":"(anonymous_17)","decl":{"start":{"line":115,"column":39},"end":{"line":115,"column":46}},"loc":{"start":{"line":115,"column":77},"end":{"line":128,"column":2}}},"11":{"name":"(anonymous_18)","decl":{"start":{"line":115,"column":77},"end":{"line":115,"column":null}},"loc":{"start":{"line":115,"column":77},"end":{"line":128,"column":1}}}},"branchMap":{"0":{"loc":{"start":{"line":37,"column":2},"end":{"line":37,"column":66}},"type":"if","locations":[{"start":{"line":37,"column":2},"end":{"line":37,"column":66}},{"start":{},"end":{}}]},"1":{"loc":{"start":{"line":48,"column":2},"end":{"line":48,"column":74}},"type":"if","locations":[{"start":{"line":48,"column":2},"end":{"line":48,"column":74}},{"start":{},"end":{}}]},"2":{"loc":{"start":{"line":50,"column":2},"end":{"line":52,"column":3}},"type":"if","locations":[{"start":{"line":50,"column":2},"end":{"line":52,"column":3}},{"start":{},"end":{}}]},"3":{"loc":{"start":{"line":54,"column":25},"end":{"line":54,"column":79}},"type":"binary-expr","locations":[{"start":{"line":54,"column":25},"end":{"line":54,"column":44}},{"start":{"line":54,"column":48},"end":{"line":54,"column":79}}]},"4":{"loc":{"start":{"line":61,"column":2},"end":{"line":89,"column":3}},"type":"if","locations":[{"start":{"line":61,"column":2},"end":{"line":89,"column":3}},{"start":{},"end":{}}]},"5":{"loc":{"start":{"line":67,"column":4},"end":{"line":88,"column":5}},"type":"if","locations":[{"start":{"line":67,"column":4},"end":{"line":88,"column":5}},{"start":{},"end":{}}]},"6":{"loc":{"start":{"line":98,"column":16},"end":{"line":102,"column":15}},"type":"cond-expr","locations":[{"start":{"line":99,"column":6},"end":{"line":101,"column":null}},{"start":{"line":102,"column":6},"end":{"line":102,"column":15}}]},"7":{"loc":{"start":{"line":108,"column":13},"end":{"line":108,"column":66}},"type":"cond-expr","locations":[{"start":{"line":108,"column":36},"end":{"line":108,"column":50}},{"start":{"line":108,"column":53},"end":{"line":108,"column":66}}]},"8":{"loc":{"start":{"line":119,"column":2},"end":{"line":119,"column":74}},"type":"if","locations":[{"start":{"line":119,"column":2},"end":{"line":119,"column":74}},{"start":{},"end":{}}]},"9":{"loc":{"start":{"line":121,"column":2},"end":{"line":123,"column":3}},"type":"if","locations":[{"start":{"line":121,"column":2},"end":{"line":123,"column":3}},{"start":{},"end":{}}]}},"s":{"0":1,"1":0,"2":0,"3":0,"4":0,"5":1,"6":0,"7":0,"8":0,"9":0,"10":0,"11":0,"12":1,"13":0,"14":0,"15":0,"16":0,"17":0,"18":0,"19":0,"20":0,"21":0,"22":0,"23":0,"24":0,"25":0,"26":0,"27":0,"28":0,"29":0,"30":0,"31":0,"32":0,"33":1,"34":1,"35":1,"36":1,"37":1,"38":1,"39":1,"40":1,"41":0,"42":0,"43":0,"44":0,"45":0,"46":0,"47":0,"48":0,"49":0},"f":{"0":0,"1":0,"2":0,"3":0,"4":0,"5":0,"6":0,"7":0,"8":1,"9":1,"10":0,"11":0},"b":{"0":[0,0],"1":[0,0],"2":[0,0],"3":[0,0],"4":[0,0],"5":[0,0],"6":[0,1],"7":[0,1],"8":[0,0],"9":[0,0]}}
,"/workspaces/sprint-mission-3/src/lib/constants.ts": {"path":"/workspaces/sprint-mission-3/src/lib/constants.ts","statementMap":{"0":{"start":{"line":2,"column":0},"end":{"line":2,"column":16}},"1":{"start":{"line":4,"column":0},"end":{"line":6,"column":1}},"2":{"start":{"line":5,"column":2},"end":{"line":5,"column":59}},"3":{"start":{"line":8,"column":36},"end":{"line":8,"column":60}},"4":{"start":{"line":9,"column":28},"end":{"line":9,"column":60}},"5":{"start":{"line":10,"column":35},"end":{"line":10,"column":45}},"6":{"start":{"line":11,"column":35},"end":{"line":11,"column":44}}},"fnMap":{},"branchMap":{"0":{"loc":{"start":{"line":4,"column":0},"end":{"line":6,"column":1}},"type":"if","locations":[{"start":{"line":4,"column":0},"end":{"line":6,"column":1}},{"start":{},"end":{}}]},"1":{"loc":{"start":{"line":9,"column":28},"end":{"line":9,"column":60}},"type":"binary-expr","locations":[{"start":{"line":9,"column":28},"end":{"line":9,"column":52}},{"start":{"line":9,"column":56},"end":{"line":9,"column":60}}]}},"s":{"0":1,"1":1,"2":0,"3":1,"4":1,"5":1,"6":1},"f":{},"b":{"0":[0,1],"1":[1,0]}}
,"/workspaces/sprint-mission-3/src/lib/prismaClient.ts": {"path":"/workspaces/sprint-mission-3/src/lib/prismaClient.ts","statementMap":{"0":{"start":{"line":4,"column":24},"end":{"line":4,"column":null}},"1":{"start":{"line":10,"column":2},"end":{"line":10,"column":46}},"2":{"start":{"line":12,"column":0},"end":{"line":14,"column":1}},"3":{"start":{"line":13,"column":2},"end":{"line":13,"column":40}}},"fnMap":{},"branchMap":{"0":{"loc":{"start":{"line":10,"column":2},"end":{"line":10,"column":46}},"type":"cond-expr","locations":[{"start":{"line":10,"column":24},"end":{"line":10,"column":28}},{"start":{"line":10,"column":28},"end":{"line":10,"column":46}}]},"1":{"loc":{"start":{"line":10,"column":2},"end":{"line":10,"column":28}},"type":"binary-expr","locations":[{"start":{"line":10,"column":2},"end":{"line":10,"column":28}},{"start":{"line":10,"column":24},"end":{"line":10,"column":28}}]},"2":{"loc":{"start":{"line":12,"column":0},"end":{"line":14,"column":1}},"type":"if","locations":[{"start":{"line":12,"column":0},"end":{"line":14,"column":1}},{"start":{},"end":{}}]}},"s":{"0":1,"1":1,"2":1,"3":1},"f":{},"b":{"0":[0,1],"1":[1,1],"2":[1,0]}}
,"/workspaces/sprint-mission-3/src/lib/withAsync.ts": {"path":"/workspaces/sprint-mission-3/src/lib/withAsync.ts","statementMap":{"0":{"start":{"line":3,"column":25},"end":{"line":11,"column":1}},"1":{"start":{"line":4,"column":2},"end":{"line":10,"column":4}},"2":{"start":{"line":4,"column":67},"end":{"line":10,"column":4}},"3":{"start":{"line":5,"column":4},"end":{"line":9,"column":5}},"4":{"start":{"line":6,"column":6},"end":{"line":6,"column":31}},"5":{"start":{"line":8,"column":6},"end":{"line":8,"column":18}}},"fnMap":{"0":{"name":"(anonymous_7)","decl":{"start":{"line":3,"column":25},"end":{"line":3,"column":26}},"loc":{"start":{"line":3,"column":58},"end":{"line":11,"column":1}}},"1":{"name":"(anonymous_8)","decl":{"start":{"line":4,"column":9},"end":{"line":4,"column":16}},"loc":{"start":{"line":4,"column":67},"end":{"line":10,"column":4}}},"2":{"name":"(anonymous_9)","decl":{"start":{"line":4,"column":67},"end":{"line":4,"column":null}},"loc":{"start":{"line":4,"column":67},"end":{"line":10,"column":3}}}},"branchMap":{},"s":{"0":1,"1":38,"2":6,"3":6,"4":6,"5":1},"f":{"0":38,"1":6,"2":6},"b":{}}
,"/workspaces/sprint-mission-3/src/lib/errors/BadRequestError.ts": {"path":"/workspaces/sprint-mission-3/src/lib/errors/BadRequestError.ts","statementMap":{"0":{"start":{"line":3,"column":4},"end":{"line":3,"column":19}},"1":{"start":{"line":4,"column":4},"end":{"line":4,"column":34}},"2":{"start":{"line":6,"column":4},"end":{"line":6,"column":59}}},"fnMap":{"0":{"name":"(anonymous_0)","decl":{"start":{"line":2,"column":2},"end":{"line":2,"column":14}},"loc":{"start":{"line":2,"column":29},"end":{"line":7,"column":3}}}},"branchMap":{},"s":{"0":0,"1":0,"2":0},"f":{"0":0},"b":{}}
,"/workspaces/sprint-mission-3/src/lib/errors/NotFoundError.ts": {"path":"/workspaces/sprint-mission-3/src/lib/errors/NotFoundError.ts","statementMap":{"0":{"start":{"line":3,"column":4},"end":{"line":3,"column":50}},"1":{"start":{"line":5,"column":4},"end":{"line":5,"column":32}},"2":{"start":{"line":7,"column":4},"end":{"line":7,"column":57}}},"fnMap":{"0":{"name":"(anonymous_0)","decl":{"start":{"line":2,"column":2},"end":{"line":2,"column":14}},"loc":{"start":{"line":2,"column":52},"end":{"line":8,"column":3}}}},"branchMap":{},"s":{"0":1,"1":1,"2":1},"f":{"0":1},"b":{}}
,"/workspaces/sprint-mission-3/src/middlewares/authMiddleware.ts": {"path":"/workspaces/sprint-mission-3/src/middlewares/authMiddleware.ts","statementMap":{"0":{"start":{"line":5,"column":15},"end":{"line":5,"column":33}},"1":{"start":{"line":13,"column":28},"end":{"line":38,"column":2}},"2":{"start":{"line":13,"column":86},"end":{"line":38,"column":2}},"3":{"start":{"line":14,"column":2},"end":{"line":37,"column":3}},"4":{"start":{"line":15,"column":23},"end":{"line":15,"column":48}},"5":{"start":{"line":17,"column":4},"end":{"line":19,"column":5}},"6":{"start":{"line":18,"column":6},"end":{"line":18,"column":67}},"7":{"start":{"line":21,"column":18},"end":{"line":21,"column":42}},"8":{"start":{"line":23,"column":20},"end":{"line":23,"column":98}},"9":{"start":{"line":25,"column":17},"end":{"line":27,"column":6}},"10":{"start":{"line":29,"column":4},"end":{"line":31,"column":5}},"11":{"start":{"line":30,"column":6},"end":{"line":30,"column":66}},"12":{"start":{"line":33,"column":4},"end":{"line":33,"column":20}},"13":{"start":{"line":34,"column":4},"end":{"line":34,"column":11}},"14":{"start":{"line":36,"column":4},"end":{"line":36,"column":73}}},"fnMap":{"0":{"name":"(anonymous_7)","decl":{"start":{"line":13,"column":28},"end":{"line":13,"column":35}},"loc":{"start":{"line":13,"column":86},"end":{"line":38,"column":2}}},"1":{"name":"(anonymous_8)","decl":{"start":{"line":13,"column":86},"end":{"line":13,"column":null}},"loc":{"start":{"line":13,"column":86},"end":{"line":38,"column":1}}}},"branchMap":{"0":{"loc":{"start":{"line":17,"column":4},"end":{"line":19,"column":5}},"type":"if","locations":[{"start":{"line":17,"column":4},"end":{"line":19,"column":5}},{"start":{},"end":{}}]},"1":{"loc":{"start":{"line":17,"column":8},"end":{"line":17,"column":56}},"type":"binary-expr","locations":[{"start":{"line":17,"column":8},"end":{"line":17,"column":19}},{"start":{"line":17,"column":23},"end":{"line":17,"column":56}}]},"2":{"loc":{"start":{"line":23,"column":38},"end":{"line":23,"column":72}},"type":"binary-expr","locations":[{"start":{"line":23,"column":38},"end":{"line":23,"column":60}},{"start":{"line":23,"column":64},"end":{"line":23,"column":72}}]},"3":{"loc":{"start":{"line":29,"column":4},"end":{"line":31,"column":5}},"type":"if","locations":[{"start":{"line":29,"column":4},"end":{"line":31,"column":5}},{"start":{},"end":{}}]}},"s":{"0":1,"1":1,"2":0,"3":0,"4":0,"5":0,"6":0,"7":0,"8":0,"9":0,"10":0,"11":0,"12":0,"13":0,"14":0},"f":{"0":0,"1":0},"b":{"0":[0,0],"1":[0,0],"2":[0,0],"3":[0,0]}}
,"/workspaces/sprint-mission-3/src/routers/articlesRouter.ts": {"path":"/workspaces/sprint-mission-3/src/routers/articlesRouter.ts","statementMap":{"0":{"start":{"line":15,"column":31},"end":{"line":15,"column":47}},"1":{"start":{"line":17,"column":0},"end":{"line":17,"column":51}},"2":{"start":{"line":18,"column":0},"end":{"line":18,"column":50}},"3":{"start":{"line":20,"column":0},"end":{"line":20,"column":33}},"4":{"start":{"line":22,"column":0},"end":{"line":22,"column":51}},"5":{"start":{"line":23,"column":0},"end":{"line":23,"column":55}},"6":{"start":{"line":24,"column":0},"end":{"line":24,"column":56}},"7":{"start":{"line":25,"column":0},"end":{"line":25,"column":63}},"8":{"start":{"line":26,"column":0},"end":{"line":26,"column":63}},"9":{"start":{"line":27,"column":0},"end":{"line":27,"column":63}}},"fnMap":{},"branchMap":{},"s":{"0":1,"1":1,"2":1,"3":1,"4":1,"5":1,"6":1,"7":1,"8":1,"9":1},"f":{},"b":{}}
,"/workspaces/sprint-mission-3/src/routers/commentsRouter.ts": {"path":"/workspaces/sprint-mission-3/src/routers/commentsRouter.ts","statementMap":{"0":{"start":{"line":6,"column":31},"end":{"line":6,"column":47}},"1":{"start":{"line":8,"column":0},"end":{"line":8,"column":33}},"2":{"start":{"line":9,"column":0},"end":{"line":9,"column":55}},"3":{"start":{"line":10,"column":0},"end":{"line":10,"column":56}}},"fnMap":{},"branchMap":{},"s":{"0":1,"1":1,"2":1,"3":1},"f":{},"b":{}}
,"/workspaces/sprint-mission-3/src/routers/imagesRouter.ts": {"path":"/workspaces/sprint-mission-3/src/routers/imagesRouter.ts","statementMap":{"0":{"start":{"line":5,"column":29},"end":{"line":5,"column":45}},"1":{"start":{"line":8,"column":0},"end":{"line":12,"column":2}}},"fnMap":{},"branchMap":{},"s":{"0":1,"1":1},"f":{},"b":{}}
,"/workspaces/sprint-mission-3/src/routers/productsRouter.ts": {"path":"/workspaces/sprint-mission-3/src/routers/productsRouter.ts","statementMap":{"0":{"start":{"line":14,"column":31},"end":{"line":14,"column":47}},"1":{"start":{"line":16,"column":0},"end":{"line":16,"column":51}},"2":{"start":{"line":17,"column":0},"end":{"line":17,"column":50}},"3":{"start":{"line":20,"column":0},"end":{"line":20,"column":33}},"4":{"start":{"line":23,"column":0},"end":{"line":23,"column":51}},"5":{"start":{"line":24,"column":0},"end":{"line":24,"column":55}},"6":{"start":{"line":25,"column":0},"end":{"line":25,"column":56}},"7":{"start":{"line":28,"column":0},"end":{"line":28,"column":63}},"8":{"start":{"line":29,"column":0},"end":{"line":29,"column":63}},"9":{"start":{"line":32,"column":0},"end":{"line":32,"column":63}}},"fnMap":{},"branchMap":{},"s":{"0":1,"1":1,"2":1,"3":1,"4":1,"5":1,"6":1,"7":1,"8":1,"9":1},"f":{},"b":{}}
,"/workspaces/sprint-mission-3/src/socket/socket.ts": {"path":"/workspaces/sprint-mission-3/src/socket/socket.ts","statementMap":{"0":{"start":{"line":4,"column":27},"end":{"line":26,"column":1}},"1":{"start":{"line":5,"column":13},"end":{"line":10,"column":4}},"2":{"start":{"line":12,"column":2},"end":{"line":23,"column":5}},"3":{"start":{"line":13,"column":4},"end":{"line":13,"column":38}},"4":{"start":{"line":15,"column":4},"end":{"line":18,"column":7}},"5":{"start":{"line":16,"column":6},"end":{"line":16,"column":36}},"6":{"start":{"line":17,"column":6},"end":{"line":17,"column":65}},"7":{"start":{"line":20,"column":4},"end":{"line":22,"column":7}},"8":{"start":{"line":21,"column":6},"end":{"line":21,"column":30}},"9":{"start":{"line":25,"column":2},"end":{"line":25,"column":12}},"10":{"start":{"line":28,"column":32},"end":{"line":32,"column":1}},"11":{"start":{"line":29,"column":2},"end":{"line":31,"column":3}},"12":{"start":{"line":30,"column":4},"end":{"line":30,"column":71}}},"fnMap":{"0":{"name":"(anonymous_0)","decl":{"start":{"line":4,"column":27},"end":{"line":4,"column":28}},"loc":{"start":{"line":4,"column":58},"end":{"line":26,"column":1}}},"1":{"name":"(anonymous_1)","decl":{"start":{"line":12,"column":22},"end":{"line":12,"column":23}},"loc":{"start":{"line":12,"column":41},"end":{"line":23,"column":3}}},"2":{"name":"(anonymous_2)","decl":{"start":{"line":15,"column":22},"end":{"line":15,"column":23}},"loc":{"start":{"line":15,"column":50},"end":{"line":18,"column":5}}},"3":{"name":"(anonymous_3)","decl":{"start":{"line":20,"column":28},"end":{"line":20,"column":31}},"loc":{"start":{"line":20,"column":33},"end":{"line":22,"column":5}}},"4":{"name":"(anonymous_4)","decl":{"start":{"line":28,"column":32},"end":{"line":28,"column":33}},"loc":{"start":{"line":28,"column":113},"end":{"line":32,"column":1}}}},"branchMap":{"0":{"loc":{"start":{"line":29,"column":2},"end":{"line":31,"column":3}},"type":"if","locations":[{"start":{"line":29,"column":2},"end":{"line":31,"column":3}},{"start":{},"end":{}}]}},"s":{"0":1,"1":0,"2":0,"3":0,"4":0,"5":0,"6":0,"7":0,"8":0,"9":0,"10":1,"11":0,"12":0},"f":{"0":0,"1":0,"2":0,"3":0,"4":0},"b":{"0":[0,0]}}
,"/workspaces/sprint-mission-3/src/structs/articlesStructs.ts": {"path":"/workspaces/sprint-mission-3/src/structs/articlesStructs.ts","statementMap":{"0":{"start":{"line":4,"column":42},"end":{"line":4,"column":58}},"1":{"start":{"line":6,"column":39},"end":{"line":10,"column":2}},"2":{"start":{"line":7,"column":57},"end":{"line":7,"column":69}},"3":{"start":{"line":12,"column":39},"end":{"line":12,"column":71}}},"fnMap":{"0":{"name":"(anonymous_0)","decl":{"start":{"line":7,"column":46},"end":{"line":7,"column":47}},"loc":{"start":{"line":7,"column":57},"end":{"line":7,"column":69}}}},"branchMap":{},"s":{"0":1,"1":1,"2":0,"3":1},"f":{"0":0},"b":{}}
,"/workspaces/sprint-mission-3/src/structs/commentsStruct.ts": {"path":"/workspaces/sprint-mission-3/src/structs/commentsStruct.ts","statementMap":{"0":{"start":{"line":4,"column":39},"end":{"line":6,"column":2}},"1":{"start":{"line":8,"column":42},"end":{"line":8,"column":60}},"2":{"start":{"line":9,"column":39},"end":{"line":9,"column":71}}},"fnMap":{},"branchMap":{},"s":{"0":1,"1":1,"2":1},"f":{},"b":{}}
,"/workspaces/sprint-mission-3/src/structs/commonStructs.ts": {"path":"/workspaces/sprint-mission-3/src/structs/commonStructs.ts","statementMap":{"0":{"start":{"line":3,"column":22},"end":{"line":3,"column":81}},"1":{"start":{"line":3,"column":61},"end":{"line":3,"column":80}},"2":{"start":{"line":5,"column":30},"end":{"line":7,"column":2}},"3":{"start":{"line":9,"column":32},"end":{"line":14,"column":2}},"4":{"start":{"line":16,"column":34},"end":{"line":21,"column":2}}},"fnMap":{"0":{"name":"(anonymous_0)","decl":{"start":{"line":3,"column":50},"end":{"line":3,"column":51}},"loc":{"start":{"line":3,"column":61},"end":{"line":3,"column":80}}}},"branchMap":{},"s":{"0":1,"1":1,"2":1,"3":1,"4":1},"f":{"0":1},"b":{}}
,"/workspaces/sprint-mission-3/src/structs/productsStruct.ts": {"path":"/workspaces/sprint-mission-3/src/structs/productsStruct.ts","statementMap":{"0":{"start":{"line":4,"column":39},"end":{"line":10,"column":2}},"1":{"start":{"line":5,"column":56},"end":{"line":5,"column":68}},"2":{"start":{"line":12,"column":42},"end":{"line":12,"column":58}},"3":{"start":{"line":14,"column":39},"end":{"line":14,"column":71}}},"fnMap":{"0":{"name":"(anonymous_0)","decl":{"start":{"line":5,"column":45},"end":{"line":5,"column":46}},"loc":{"start":{"line":5,"column":56},"end":{"line":5,"column":68}}}},"branchMap":{},"s":{"0":1,"1":0,"2":1,"3":1},"f":{"0":0},"b":{}}
}
