TN:
SF:src/server.ts
FNF:0
FNH:0
DA:1,2
DA:2,2
DA:3,2
DA:4,2
DA:5,2
DA:6,2
DA:7,2
DA:8,2
DA:9,2
DA:10,2
DA:12,2
DA:15,2
DA:16,2
DA:17,2
DA:20,2
DA:23,2
DA:24,2
DA:25,2
DA:26,2
DA:29,2
DA:30,2
DA:32,2
LF:22
LH:22
BRF:0
BRH:0
end_of_record
TN:
SF:src/controllers/articlesController.ts
FN:14,(anonymous_8)
FN:14,(anonymous_9)
FN:30,(anonymous_10)
FN:30,(anonymous_11)
FN:40,(anonymous_12)
FN:40,(anonymous_13)
FN:59,(anonymous_14)
FN:59,(anonymous_15)
FN:74,(anonymous_16)
FN:74,(anonymous_17)
FN:93,(anonymous_18)
FN:93,(anonymous_19)
FN:112,(anonymous_20)
FN:112,(anonymous_21)
FNF:14
FNH:14
FNDA:3,(anonymous_8)
FNDA:3,(anonymous_9)
FNDA:3,(anonymous_10)
FNDA:3,(anonymous_11)
FNDA:2,(anonymous_12)
FNDA:2,(anonymous_13)
FNDA:2,(anonymous_14)
FNDA:2,(anonymous_15)
FNDA:4,(anonymous_16)
FNDA:4,(anonymous_17)
FNDA:2,(anonymous_18)
FNDA:2,(anonymous_19)
FNDA:1,(anonymous_20)
FNDA:1,(anonymous_21)
DA:1,2
DA:2,2
DA:3,2
DA:4,2
DA:5,2
DA:6,2
DA:11,2
DA:14,3
DA:15,3
DA:17,1
DA:26,1
DA:30,3
DA:31,3
DA:33,2
DA:34,2
DA:36,1
DA:40,2
DA:41,2
DA:42,2
DA:44,2
DA:46,2
DA:47,1
DA:48,0
DA:51,1
DA:56,1
DA:59,2
DA:60,2
DA:62,2
DA:64,2
DA:65,1
DA:66,0
DA:69,1
DA:71,1
DA:74,4
DA:75,4
DA:77,4
DA:81,4
DA:82,4
DA:89,4
DA:93,2
DA:94,2
DA:95,2
DA:97,1
DA:98,1
DA:100,1
DA:108,1
DA:112,2
DA:113,1
DA:114,1
DA:116,1
DA:117,1
DA:119,1
DA:126,1
DA:127,1
DA:128,1
DA:130,1
LF:56
LH:54
BRDA:34,0,0,1
BRDA:34,0,1,1
BRDA:46,1,0,1
BRDA:46,1,1,1
BRDA:47,2,0,0
BRDA:47,2,1,1
BRDA:64,3,0,1
BRDA:64,3,1,1
BRDA:65,4,0,0
BRDA:65,4,1,1
BRDA:78,5,0,1
BRDA:78,5,1,3
BRDA:85,6,0,1
BRDA:85,6,1,3
BRDA:98,7,0,0
BRDA:98,7,1,1
BRDA:117,8,0,0
BRDA:117,8,1,1
BRDA:120,9,0,0
BRDA:120,9,1,1
BRDA:128,10,0,0
BRDA:128,10,1,1
BRF:22
BRH:16
end_of_record
TN:
SF:src/controllers/authController.ts
FN:10,(anonymous_9)
FN:21,(anonymous_10)
FN:21,(anonymous_11)
FN:39,(anonymous_12)
FN:39,(anonymous_13)
FN:68,(anonymous_14)
FN:68,(anonymous_15)
FNF:7
FNH:7
FNDA:2,(anonymous_9)
FNDA:2,(anonymous_10)
FNDA:2,(anonymous_11)
FNDA:3,(anonymous_12)
FNDA:3,(anonymous_13)
FNDA:3,(anonymous_14)
FNDA:3,(anonymous_15)
DA:1,3
DA:2,3
DA:3,3
DA:5,3
DA:7,3
DA:10,3
DA:11,2
DA:12,2
DA:14,2
DA:15,2
DA:17,2
DA:21,3
DA:22,2
DA:24,2
DA:25,2
DA:26,1
DA:29,1
DA:30,1
DA:34,1
DA:35,1
DA:39,3
DA:40,3
DA:42,3
DA:43,3
DA:44,1
DA:47,2
DA:48,2
DA:49,1
DA:52,1
DA:54,1
DA:59,1
DA:60,1
DA:68,3
DA:69,3
DA:71,3
DA:72,1
DA:75,2
DA:77,2
DA:79,1
DA:81,1
DA:82,0
DA:85,1
DA:87,1
DA:92,1
LF:44
LH:43
BRDA:11,0,0,2
BRDA:11,0,1,0
BRDA:12,1,0,2
BRDA:12,1,1,0
BRDA:25,2,0,1
BRDA:25,2,1,1
BRDA:43,3,0,1
BRDA:43,3,1,2
BRDA:48,4,0,1
BRDA:48,4,1,1
BRDA:71,5,0,1
BRDA:71,5,1,2
BRDA:75,6,0,2
BRDA:75,6,1,0
BRDA:81,7,0,0
BRDA:81,7,1,1
BRDA:81,8,0,1
BRDA:81,8,1,1
BRF:18
BRH:14
end_of_record
TN:
SF:src/controllers/commentsController.ts
FN:10,(anonymous_8)
FN:10,(anonymous_9)
FN:42,(anonymous_10)
FN:42,(anonymous_11)
FN:68,(anonymous_12)
FN:68,(anonymous_13)
FN:90,(anonymous_14)
FN:90,(anonymous_15)
FNF:8
FNH:4
FNDA:2,(anonymous_8)
FNDA:2,(anonymous_9)
FNDA:1,(anonymous_10)
FNDA:1,(anonymous_11)
FNDA:0,(anonymous_12)
FNDA:0,(anonymous_13)
FNDA:0,(anonymous_14)
FNDA:0,(anonymous_15)
DA:1,2
DA:2,2
DA:3,2
DA:4,2
DA:5,2
DA:6,2
DA:10,2
DA:11,2
DA:12,2
DA:14,1
DA:15,1
DA:16,0
DA:19,1
DA:27,1
DA:28,0
DA:38,1
DA:42,2
DA:43,1
DA:44,1
DA:46,1
DA:47,1
DA:48,0
DA:51,1
DA:58,1
DA:59,1
DA:60,1
DA:62,1
DA:68,2
DA:69,0
DA:70,0
DA:72,0
DA:73,0
DA:74,0
DA:77,0
DA:78,0
DA:81,0
DA:86,0
DA:90,2
DA:91,0
DA:93,0
DA:94,0
DA:95,0
DA:98,0
DA:99,0
DA:102,0
DA:104,0
LF:46
LH:26
BRDA:15,0,0,0
BRDA:15,0,1,1
BRDA:27,1,0,0
BRDA:27,1,1,1
BRDA:27,2,0,1
BRDA:27,2,1,1
BRDA:47,3,0,0
BRDA:47,3,1,1
BRDA:52,4,0,0
BRDA:52,4,1,1
BRDA:60,5,0,0
BRDA:60,5,1,1
BRDA:73,6,0,0
BRDA:73,6,1,0
BRDA:77,7,0,0
BRDA:77,7,1,0
BRDA:94,8,0,0
BRDA:94,8,1,0
BRDA:98,9,0,0
BRDA:98,9,1,0
BRF:20
BRH:7
end_of_record
TN:
SF:src/controllers/errorController.ts
FN:6,defaultNotFoundHandler
FN:10,globalErrorHandler
FNF:2
FNH:1
FNDA:0,defaultNotFoundHandler
FNDA:15,globalErrorHandler
DA:1,3
DA:3,3
DA:4,3
DA:6,3
DA:7,0
DA:10,3
DA:11,15
DA:12,9
DA:15,6
DA:16,0
DA:19,6
DA:20,6
DA:23,0
DA:24,0
DA:25,0
DA:28,0
DA:29,0
LF:17
LH:10
BRDA:11,0,0,9
BRDA:11,0,1,6
BRDA:11,1,0,15
BRDA:11,1,1,6
BRDA:15,2,0,0
BRDA:15,2,1,6
BRDA:15,3,0,6
BRDA:15,3,1,0
BRDA:15,3,2,0
BRDA:19,4,0,6
BRDA:19,4,1,0
BRDA:23,5,0,0
BRDA:23,5,1,0
BRF:13
BRH:7
end_of_record
TN:
SF:src/controllers/imagesController.ts
FN:14,(anonymous_8)
FN:17,(anonymous_9)
FN:28,(anonymous_10)
FN:40,uploadImage
FNF:4
FNH:0
FNDA:0,(anonymous_8)
FNDA:0,(anonymous_9)
FNDA:0,(anonymous_10)
FNDA:0,uploadImage
DA:1,2
DA:2,2
DA:3,2
DA:4,2
DA:5,2
DA:12,2
DA:15,0
DA:18,0
DA:19,0
DA:20,0
DA:29,0
DA:31,0
DA:32,0
DA:33,0
DA:35,0
DA:40,2
DA:41,0
DA:42,0
DA:45,0
DA:46,0
DA:48,0
LF:21
LH:7
BRDA:31,0,0,0
BRDA:31,0,1,0
BRDA:41,1,0,0
BRDA:41,1,1,0
BRF:4
BRH:0
end_of_record
TN:
SF:src/controllers/likeController.ts
FN:8,(anonymous_7)
FN:8,(anonymous_8)
FN:41,(anonymous_9)
FN:41,(anonymous_10)
FN:69,(anonymous_11)
FN:69,(anonymous_12)
FNF:6
FNH:6
FNDA:3,(anonymous_7)
FNDA:3,(anonymous_8)
FNDA:2,(anonymous_9)
FNDA:2,(anonymous_10)
FNDA:4,(anonymous_11)
FNDA:4,(anonymous_12)
DA:1,3
DA:3,3
DA:5,3
DA:8,3
DA:9,3
DA:10,3
DA:12,3
DA:21,2
DA:22,1
DA:25,1
DA:28,1
DA:34,1
DA:41,3
DA:42,2
DA:43,2
DA:45,2
DA:54,2
DA:55,1
DA:56,1
DA:58,1
DA:64,1
DA:69,4
DA:70,4
DA:71,4
DA:73,4
DA:80,4
DA:81,1
DA:84,3
DA:85,3
DA:86,3
DA:94,3
DA:97,3
LF:32
LH:32
BRDA:21,0,0,1
BRDA:21,0,1,1
BRDA:54,1,0,1
BRDA:54,1,1,1
BRDA:71,2,0,0
BRDA:71,2,1,4
BRDA:71,3,0,4
BRDA:71,3,1,4
BRDA:80,4,0,1
BRDA:80,4,1,3
BRDA:85,5,0,3
BRDA:85,5,1,0
BRF:12
BRH:10
end_of_record
TN:
SF:src/controllers/productsController.ts
FN:15,(anonymous_8)
FN:15,(anonymous_9)
FN:33,(anonymous_10)
FN:33,(anonymous_11)
FN:43,(anonymous_12)
FN:43,(anonymous_13)
FN:71,(anonymous_14)
FN:80,(anonymous_15)
FN:95,(anonymous_16)
FN:95,(anonymous_17)
FN:115,(anonymous_18)
FN:115,(anonymous_19)
FNF:12
FNH:12
FNDA:5,(anonymous_8)
FNDA:5,(anonymous_9)
FNDA:5,(anonymous_10)
FNDA:5,(anonymous_11)
FNDA:6,(anonymous_12)
FNDA:6,(anonymous_13)
FNDA:2,(anonymous_14)
FNDA:2,(anonymous_15)
FNDA:8,(anonymous_16)
FNDA:8,(anonymous_17)
FNDA:5,(anonymous_18)
FNDA:5,(anonymous_19)
DA:1,3
DA:2,3
DA:3,3
DA:4,3
DA:5,3
DA:6,3
DA:11,3
DA:15,5
DA:16,5
DA:18,3
DA:29,2
DA:33,5
DA:34,5
DA:36,4
DA:37,4
DA:39,2
DA:43,6
DA:44,6
DA:45,6
DA:47,6
DA:48,6
DA:50,4
DA:51,1
DA:54,3
DA:56,3
DA:61,3
DA:62,2
DA:67,2
DA:68,1
DA:70,1
DA:71,2
DA:79,1
DA:80,1
DA:81,2
DA:91,3
DA:95,8
DA:96,8
DA:98,8
DA:104,8
DA:105,8
DA:112,8
DA:115,5
DA:116,5
DA:118,5
DA:119,5
DA:121,3
DA:122,1
DA:125,2
DA:127,2
LF:49
LH:49
BRDA:37,0,0,2
BRDA:37,0,1,2
BRDA:48,1,0,2
BRDA:48,1,1,4
BRDA:50,2,0,1
BRDA:50,2,1,3
BRDA:54,3,0,3
BRDA:54,3,1,3
BRDA:61,4,0,2
BRDA:61,4,1,1
BRDA:67,5,0,1
BRDA:67,5,1,1
BRDA:98,6,0,2
BRDA:98,6,1,6
BRDA:108,7,0,2
BRDA:108,7,1,6
BRDA:119,8,0,2
BRDA:119,8,1,3
BRDA:121,9,0,1
BRDA:121,9,1,2
BRF:20
BRH:20
end_of_record
TN:
SF:src/controllers/userController.ts
FN:8,(anonymous_9)
FN:8,(anonymous_10)
FN:13,(anonymous_11)
FN:13,(anonymous_12)
FN:25,(anonymous_13)
FN:25,(anonymous_14)
FN:43,(anonymous_15)
FN:43,(anonymous_16)
FN:61,(anonymous_17)
FN:61,(anonymous_18)
FN:78,(anonymous_19)
FN:93,(anonymous_20)
FN:100,(anonymous_21)
FN:100,(anonymous_22)
FN:118,(anonymous_23)
FN:118,(anonymous_24)
FN:128,(anonymous_25)
FN:128,(anonymous_26)
FN:137,(anonymous_27)
FN:137,(anonymous_28)
FN:156,(anonymous_29)
FN:156,(anonymous_30)
FNF:22
FNH:20
FNDA:1,(anonymous_9)
FNDA:1,(anonymous_10)
FNDA:2,(anonymous_11)
FNDA:2,(anonymous_12)
FNDA:3,(anonymous_13)
FNDA:3,(anonymous_14)
FNDA:2,(anonymous_15)
FNDA:2,(anonymous_16)
FNDA:4,(anonymous_17)
FNDA:4,(anonymous_18)
FNDA:2,(anonymous_19)
FNDA:1,(anonymous_20)
FNDA:1,(anonymous_21)
FNDA:1,(anonymous_22)
FNDA:1,(anonymous_23)
FNDA:1,(anonymous_24)
FNDA:2,(anonymous_25)
FNDA:2,(anonymous_26)
FNDA:2,(anonymous_27)
FNDA:2,(anonymous_28)
FNDA:0,(anonymous_29)
FNDA:0,(anonymous_30)
DA:1,1
DA:2,1
DA:3,1
DA:4,1
DA:5,1
DA:8,1
DA:9,1
DA:10,1
DA:13,2
DA:14,2
DA:16,2
DA:21,2
DA:22,2
DA:25,3
DA:26,3
DA:28,2
DA:29,2
DA:30,1
DA:33,1
DA:34,1
DA:39,1
DA:43,2
DA:44,2
DA:45,2
DA:47,2
DA:57,2
DA:61,4
DA:62,4
DA:63,4
DA:64,4
DA:66,4
DA:67,2
DA:78,2
DA:81,2
DA:82,1
DA:93,1
DA:96,1
DA:100,1
DA:101,1
DA:102,1
DA:104,1
DA:114,1
DA:118,1
DA:119,1
DA:124,1
DA:128,2
DA:129,2
DA:133,2
DA:137,2
DA:138,2
DA:140,2
DA:148,2
DA:149,1
DA:152,1
DA:156,1
DA:157,0
DA:158,0
DA:160,0
DA:166,0
LF:59
LH:55
BRDA:29,0,0,1
BRDA:29,0,1,1
BRDA:44,1,0,2
BRDA:44,1,1,2
BRDA:45,2,0,2
BRDA:45,2,1,1
BRDA:62,3,0,4
BRDA:62,3,1,4
BRDA:63,4,0,4
BRDA:63,4,1,4
BRDA:66,5,0,2
BRDA:66,5,1,2
BRDA:66,6,0,4
BRDA:66,6,1,3
BRDA:81,7,0,1
BRDA:81,7,1,1
BRDA:101,8,0,1
BRDA:101,8,1,1
BRDA:102,9,0,1
BRDA:102,9,1,1
BRDA:148,10,0,1
BRDA:148,10,1,1
BRF:22
BRH:22
end_of_record
TN:
SF:src/lib/constants.ts
FNF:0
FNH:0
DA:1,2
DA:2,2
DA:4,2
DA:5,0
DA:8,2
DA:9,2
DA:10,2
DA:11,2
LF:8
LH:7
BRDA:4,0,0,0
BRDA:4,0,1,2
BRDA:9,1,0,2
BRDA:9,1,1,0
BRF:4
BRH:2
end_of_record
TN:
SF:src/lib/prismaClient.ts
FNF:0
FNH:0
DA:1,3
DA:4,3
DA:9,3
DA:12,3
DA:13,3
LF:5
LH:5
BRDA:10,0,0,0
BRDA:10,0,1,3
BRDA:10,1,0,3
BRDA:10,1,1,3
BRDA:12,2,0,3
BRDA:12,2,1,0
BRF:6
BRH:4
end_of_record
TN:
SF:src/lib/socket.ts
FN:7,(anonymous_0)
FN:15,(anonymous_1)
FN:18,(anonymous_2)
FN:23,(anonymous_3)
FN:31,(anonymous_4)
FNF:5
FNH:0
FNDA:0,(anonymous_0)
FNDA:0,(anonymous_1)
FNDA:0,(anonymous_2)
FNDA:0,(anonymous_3)
FNDA:0,(anonymous_4)
DA:1,0
DA:5,0
DA:7,0
DA:8,0
DA:15,0
DA:16,0
DA:18,0
DA:19,0
DA:20,0
DA:23,0
DA:24,0
DA:28,0
DA:31,0
DA:32,0
DA:33,0
DA:35,0
LF:16
LH:0
BRDA:32,0,0,0
BRDA:32,0,1,0
BRF:2
BRH:0
end_of_record
TN:
SF:src/lib/withAsync.ts
FN:3,(anonymous_7)
FN:4,(anonymous_8)
FN:4,(anonymous_9)
FNF:3
FNH:3
FNDA:122,(anonymous_7)
FNDA:144,(anonymous_8)
FNDA:144,(anonymous_9)
DA:3,6
DA:4,144
DA:5,144
DA:6,144
DA:8,21
LF:5
LH:5
BRF:0
BRH:0
end_of_record
TN:
SF:src/lib/errors/BadRequestError.ts
FN:2,(anonymous_0)
FNF:1
FNH:0
FNDA:0,(anonymous_0)
DA:3,0
DA:4,0
DA:6,0
DA:10,3
LF:4
LH:1
BRF:0
BRH:0
end_of_record
TN:
SF:src/lib/errors/NotFoundError.ts
FN:2,(anonymous_0)
FNF:1
FNH:1
FNDA:9,(anonymous_0)
DA:3,9
DA:5,9
DA:7,9
DA:11,4
LF:4
LH:4
BRF:0
BRH:0
end_of_record
TN:
SF:src/middlewares/authMiddleware.ts
FN:13,(anonymous_8)
FN:13,(anonymous_9)
FNF:2
FNH:2
FNDA:50,(anonymous_8)
FNDA:50,(anonymous_9)
DA:1,3
DA:2,3
DA:5,3
DA:13,50
DA:14,50
DA:15,50
DA:17,50
DA:18,10
DA:21,40
DA:23,40
DA:25,40
DA:29,40
DA:30,2
DA:33,38
DA:34,38
DA:36,0
LF:16
LH:15
BRDA:17,0,0,10
BRDA:17,0,1,40
BRDA:17,1,0,50
BRDA:17,1,1,40
BRDA:23,2,0,40
BRDA:23,2,1,0
BRDA:29,3,0,2
BRDA:29,3,1,38
BRF:8
BRH:7
end_of_record
TN:
SF:src/middlewares/validate.ts
FN:6,(anonymous_0)
FN:20,(anonymous_1)
FNF:2
FNH:1
FNDA:4,(anonymous_0)
FNDA:0,(anonymous_1)
DA:1,3
DA:2,3
DA:6,3
DA:7,4
DA:9,4
DA:10,2
DA:12,2
DA:20,3
DA:21,0
DA:22,0
DA:23,0
DA:25,0
LF:12
LH:8
BRF:0
BRH:0
end_of_record
TN:
SF:src/routers/articlesRouter.ts
FNF:0
FNH:0
DA:1,2
DA:2,2
DA:3,2
DA:12,2
DA:13,2
DA:15,2
DA:17,2
DA:18,2
DA:20,2
DA:22,2
DA:23,2
DA:24,2
DA:25,2
DA:26,2
DA:27,2
DA:29,2
LF:16
LH:16
BRF:0
BRH:0
end_of_record
TN:
SF:src/routers/authRoutes.ts
FNF:0
FNH:0
DA:1,3
DA:2,3
DA:3,3
DA:4,3
DA:6,3
DA:8,3
DA:9,3
DA:10,3
DA:12,3
LF:9
LH:9
BRF:0
BRH:0
end_of_record
TN:
SF:src/routers/commentsRouter.ts
FNF:0
FNH:0
DA:1,2
DA:2,2
DA:3,2
DA:4,2
DA:6,2
DA:8,2
DA:9,2
DA:10,2
DA:12,2
LF:9
LH:9
BRF:0
BRH:0
end_of_record
TN:
SF:src/routers/imagesRouter.ts
FNF:0
FNH:0
DA:1,2
DA:2,2
DA:3,2
DA:5,2
DA:8,2
DA:14,2
LF:6
LH:6
BRF:0
BRH:0
end_of_record
TN:
SF:src/routers/productsRouter.ts
FNF:0
FNH:0
DA:1,2
DA:2,2
DA:3,2
DA:10,2
DA:11,2
DA:12,2
DA:14,2
DA:16,2
DA:17,2
DA:20,2
DA:23,2
DA:24,2
DA:25,2
DA:28,2
DA:29,2
DA:32,2
DA:34,2
LF:17
LH:17
BRF:0
BRH:0
end_of_record
TN:
SF:src/routers/userRoutes.ts
FNF:0
FNH:0
DA:1,1
DA:2,1
DA:3,1
DA:4,1
DA:5,1
DA:8,1
DA:11,1
DA:12,1
DA:13,1
DA:16,1
DA:17,1
DA:20,1
DA:21,1
DA:22,1
DA:23,1
DA:26,1
DA:28,1
LF:17
LH:17
BRF:0
BRH:0
end_of_record
TN:
SF:src/socket/socket.ts
FN:4,(anonymous_0)
FN:12,(anonymous_1)
FN:15,(anonymous_2)
FN:20,(anonymous_3)
FN:28,(anonymous_4)
FNF:5
FNH:0
FNDA:0,(anonymous_0)
FNDA:0,(anonymous_1)
FNDA:0,(anonymous_2)
FNDA:0,(anonymous_3)
FNDA:0,(anonymous_4)
DA:1,2
DA:4,2
DA:5,0
DA:12,0
DA:13,0
DA:15,0
DA:16,0
DA:17,0
DA:20,0
DA:21,0
DA:25,0
DA:28,2
DA:29,0
DA:30,0
LF:14
LH:3
BRDA:29,0,0,0
BRDA:29,0,1,0
BRF:2
BRH:0
end_of_record
TN:
SF:src/structs/articlesStructs.ts
FN:7,(anonymous_0)
FNF:1
FNH:1
FNDA:4,(anonymous_0)
DA:1,2
DA:2,2
DA:4,2
DA:6,2
DA:7,4
DA:12,2
LF:6
LH:6
BRF:0
BRH:0
end_of_record
TN:
SF:src/structs/authStructs.ts
FNF:0
FNH:0
DA:1,3
DA:3,3
DA:9,3
LF:3
LH:3
BRF:0
BRH:0
end_of_record
TN:
SF:src/structs/commentsStruct.ts
FNF:0
FNH:0
DA:1,2
DA:2,2
DA:4,2
DA:8,2
DA:9,2
LF:5
LH:5
BRF:0
BRH:0
end_of_record
TN:
SF:src/structs/commonStructs.ts
FN:3,(anonymous_0)
FNF:1
FNH:1
FNDA:41,(anonymous_0)
DA:1,3
DA:3,41
DA:5,3
DA:9,3
DA:16,3
LF:5
LH:5
BRF:0
BRH:0
end_of_record
TN:
SF:src/structs/productsStruct.ts
FN:5,(anonymous_0)
FNF:1
FNH:1
FNDA:11,(anonymous_0)
DA:1,3
DA:2,3
DA:4,3
DA:5,11
DA:12,3
DA:14,3
LF:6
LH:6
BRF:0
BRH:0
end_of_record
TN:
SF:src/structs/userStructs.ts
FNF:0
FNH:0
DA:1,1
DA:3,1
DA:8,1
LF:3
LH:3
BRF:0
BRH:0
end_of_record
